<?xml version="1.0" encoding="UTF-8"?>
<testsuite xmlns:xsi="http://www.w3.org/2001/XMLSchema-instance" xsi:noNamespaceSchemaLocation="https://maven.apache.org/surefire/maven-surefire-plugin/xsd/surefire-test-report.xsd" name="com.shuibeizi.AppTest" time="0.038" tests="1" errors="0" skipped="0" failures="0">
  <properties>
    <property name="sun.desktop" value="windows"/>
    <property name="awt.toolkit" value="sun.awt.windows.WToolkit"/>
    <property name="file.encoding.pkg" value="sun.io"/>
    <property name="java.specification.version" value="1.8"/>
    <property name="sun.cpu.isalist" value="amd64"/>
    <property name="sun.jnu.encoding" value="GBK"/>
    <property name="java.class.path" value="Z:\shuibeizi-new\shuibeizi-service-sys\shuibeizi-sys-read\target\test-classes;Z:\shuibeizi-new\shuibeizi-service-sys\shuibeizi-sys-read\target\classes;Z:\maven_repository\org\springframework\boot\spring-boot-starter-web\2.0.6.RELEASE\spring-boot-starter-web-2.0.6.RELEASE.jar;Z:\maven_repository\org\springframework\boot\spring-boot-starter\2.0.6.RELEASE\spring-boot-starter-2.0.6.RELEASE.jar;Z:\maven_repository\org\springframework\boot\spring-boot\2.0.6.RELEASE\spring-boot-2.0.6.RELEASE.jar;Z:\maven_repository\org\springframework\boot\spring-boot-autoconfigure\2.0.6.RELEASE\spring-boot-autoconfigure-2.0.6.RELEASE.jar;Z:\maven_repository\javax\annotation\javax.annotation-api\1.3.2\javax.annotation-api-1.3.2.jar;Z:\maven_repository\org\yaml\snakeyaml\1.19\snakeyaml-1.19.jar;Z:\maven_repository\org\springframework\boot\spring-boot-starter-json\2.0.6.RELEASE\spring-boot-starter-json-2.0.6.RELEASE.jar;Z:\maven_repository\com\fasterxml\jackson\core\jackson-databind\2.9.7\jackson-databind-2.9.7.jar;Z:\maven_repository\com\fasterxml\jackson\datatype\jackson-datatype-jdk8\2.9.7\jackson-datatype-jdk8-2.9.7.jar;Z:\maven_repository\com\fasterxml\jackson\datatype\jackson-datatype-jsr310\2.9.7\jackson-datatype-jsr310-2.9.7.jar;Z:\maven_repository\com\fasterxml\jackson\module\jackson-module-parameter-names\2.9.7\jackson-module-parameter-names-2.9.7.jar;Z:\maven_repository\org\springframework\boot\spring-boot-starter-tomcat\2.0.6.RELEASE\spring-boot-starter-tomcat-2.0.6.RELEASE.jar;Z:\maven_repository\org\apache\tomcat\embed\tomcat-embed-core\8.5.34\tomcat-embed-core-8.5.34.jar;Z:\maven_repository\org\apache\tomcat\embed\tomcat-embed-el\8.5.34\tomcat-embed-el-8.5.34.jar;Z:\maven_repository\org\apache\tomcat\embed\tomcat-embed-websocket\8.5.34\tomcat-embed-websocket-8.5.34.jar;Z:\maven_repository\org\hibernate\validator\hibernate-validator\6.0.13.Final\hibernate-validator-6.0.13.Final.jar;Z:\maven_repository\org\jboss\logging\jboss-logging\3.3.2.Final\jboss-logging-3.3.2.Final.jar;Z:\maven_repository\com\fasterxml\classmate\1.3.4\classmate-1.3.4.jar;Z:\maven_repository\org\springframework\spring-web\5.0.10.RELEASE\spring-web-5.0.10.RELEASE.jar;Z:\maven_repository\org\springframework\spring-beans\5.0.10.RELEASE\spring-beans-5.0.10.RELEASE.jar;Z:\maven_repository\org\springframework\spring-webmvc\5.0.10.RELEASE\spring-webmvc-5.0.10.RELEASE.jar;Z:\maven_repository\org\springframework\spring-aop\5.0.10.RELEASE\spring-aop-5.0.10.RELEASE.jar;Z:\maven_repository\org\springframework\spring-context\5.0.10.RELEASE\spring-context-5.0.10.RELEASE.jar;Z:\maven_repository\org\springframework\spring-expression\5.0.10.RELEASE\spring-expression-5.0.10.RELEASE.jar;Z:\maven_repository\org\springframework\cloud\spring-cloud-starter-netflix-eureka-client\2.0.2.RELEASE\spring-cloud-starter-netflix-eureka-client-2.0.2.RELEASE.jar;Z:\maven_repository\org\springframework\cloud\spring-cloud-starter\2.0.2.RELEASE\spring-cloud-starter-2.0.2.RELEASE.jar;Z:\maven_repository\org\springframework\cloud\spring-cloud-context\2.0.2.RELEASE\spring-cloud-context-2.0.2.RELEASE.jar;Z:\maven_repository\org\springframework\security\spring-security-rsa\1.0.7.RELEASE\spring-security-rsa-1.0.7.RELEASE.jar;Z:\maven_repository\org\bouncycastle\bcpkix-jdk15on\1.60\bcpkix-jdk15on-1.60.jar;Z:\maven_repository\org\bouncycastle\bcprov-jdk15on\1.60\bcprov-jdk15on-1.60.jar;Z:\maven_repository\org\springframework\cloud\spring-cloud-netflix-core\2.0.2.RELEASE\spring-cloud-netflix-core-2.0.2.RELEASE.jar;Z:\maven_repository\org\springframework\cloud\spring-cloud-netflix-eureka-client\2.0.2.RELEASE\spring-cloud-netflix-eureka-client-2.0.2.RELEASE.jar;Z:\maven_repository\com\netflix\eureka\eureka-client\1.9.3\eureka-client-1.9.3.jar;Z:\maven_repository\org\codehaus\jettison\jettison\1.3.7\jettison-1.3.7.jar;Z:\maven_repository\stax\stax-api\1.0.1\stax-api-1.0.1.jar;Z:\maven_repository\com\netflix\netflix-commons\netflix-eventbus\0.3.0\netflix-eventbus-0.3.0.jar;Z:\maven_repository\com\netflix\netflix-commons\netflix-infix\0.3.0\netflix-infix-0.3.0.jar;Z:\maven_repository\commons-jxpath\commons-jxpath\1.3\commons-jxpath-1.3.jar;Z:\maven_repository\joda-time\joda-time\2.9.9\joda-time-2.9.9.jar;Z:\maven_repository\org\antlr\antlr-runtime\3.4\antlr-runtime-3.4.jar;Z:\maven_repository\org\antlr\stringtemplate\3.2.1\stringtemplate-3.2.1.jar;Z:\maven_repository\antlr\antlr\2.7.7\antlr-2.7.7.jar;Z:\maven_repository\com\google\code\gson\gson\2.8.5\gson-2.8.5.jar;Z:\maven_repository\org\apache\commons\commons-math\2.2\commons-math-2.2.jar;Z:\maven_repository\com\netflix\archaius\archaius-core\0.7.6\archaius-core-0.7.6.jar;Z:\maven_repository\com\google\guava\guava\16.0\guava-16.0.jar;Z:\maven_repository\javax\ws\rs\jsr311-api\1.1.1\jsr311-api-1.1.1.jar;Z:\maven_repository\com\netflix\servo\servo-core\0.12.21\servo-core-0.12.21.jar;Z:\maven_repository\com\sun\jersey\jersey-core\1.19.1\jersey-core-1.19.1.jar;Z:\maven_repository\com\sun\jersey\jersey-client\1.19.1\jersey-client-1.19.1.jar;Z:\maven_repository\com\sun\jersey\contribs\jersey-apache-client4\1.19.1\jersey-apache-client4-1.19.1.jar;Z:\maven_repository\com\google\inject\guice\4.1.0\guice-4.1.0.jar;Z:\maven_repository\javax\inject\javax.inject\1\javax.inject-1.jar;Z:\maven_repository\aopalliance\aopalliance\1.0\aopalliance-1.0.jar;Z:\maven_repository\com\github\vlsi\compactmap\compactmap\1.2.1\compactmap-1.2.1.jar;Z:\maven_repository\com\github\andrewoma\dexx\dexx-collections\0.2\dexx-collections-0.2.jar;Z:\maven_repository\com\fasterxml\jackson\core\jackson-annotations\2.9.0\jackson-annotations-2.9.0.jar;Z:\maven_repository\com\fasterxml\jackson\core\jackson-core\2.9.7\jackson-core-2.9.7.jar;Z:\maven_repository\com\netflix\eureka\eureka-core\1.9.3\eureka-core-1.9.3.jar;Z:\maven_repository\org\codehaus\woodstox\woodstox-core-asl\4.4.1\woodstox-core-asl-4.4.1.jar;Z:\maven_repository\javax\xml\stream\stax-api\1.0-2\stax-api-1.0-2.jar;Z:\maven_repository\org\codehaus\woodstox\stax2-api\3.1.4\stax2-api-3.1.4.jar;Z:\maven_repository\org\springframework\cloud\spring-cloud-starter-netflix-archaius\2.0.2.RELEASE\spring-cloud-starter-netflix-archaius-2.0.2.RELEASE.jar;Z:\maven_repository\org\springframework\cloud\spring-cloud-netflix-ribbon\2.0.2.RELEASE\spring-cloud-netflix-ribbon-2.0.2.RELEASE.jar;Z:\maven_repository\org\springframework\cloud\spring-cloud-netflix-archaius\2.0.2.RELEASE\spring-cloud-netflix-archaius-2.0.2.RELEASE.jar;Z:\maven_repository\commons-configuration\commons-configuration\1.8\commons-configuration-1.8.jar;Z:\maven_repository\org\springframework\cloud\spring-cloud-starter-netflix-ribbon\2.0.2.RELEASE\spring-cloud-starter-netflix-ribbon-2.0.2.RELEASE.jar;Z:\maven_repository\com\netflix\ribbon\ribbon\2.2.5\ribbon-2.2.5.jar;Z:\maven_repository\com\netflix\ribbon\ribbon-transport\2.2.5\ribbon-transport-2.2.5.jar;Z:\maven_repository\io\reactivex\rxnetty-contexts\0.4.9\rxnetty-contexts-0.4.9.jar;Z:\maven_repository\io\reactivex\rxnetty-servo\0.4.9\rxnetty-servo-0.4.9.jar;Z:\maven_repository\io\reactivex\rxnetty\0.4.9\rxnetty-0.4.9.jar;Z:\maven_repository\com\netflix\ribbon\ribbon-core\2.2.5\ribbon-core-2.2.5.jar;Z:\maven_repository\com\netflix\ribbon\ribbon-httpclient\2.2.5\ribbon-httpclient-2.2.5.jar;Z:\maven_repository\com\netflix\netflix-commons\netflix-commons-util\0.3.0\netflix-commons-util-0.3.0.jar;Z:\maven_repository\com\netflix\ribbon\ribbon-loadbalancer\2.2.5\ribbon-loadbalancer-2.2.5.jar;Z:\maven_repository\com\netflix\netflix-commons\netflix-statistics\0.1.1\netflix-statistics-0.1.1.jar;Z:\maven_repository\io\reactivex\rxjava\1.3.8\rxjava-1.3.8.jar;Z:\maven_repository\com\netflix\ribbon\ribbon-eureka\2.2.5\ribbon-eureka-2.2.5.jar;Z:\maven_repository\com\thoughtworks\xstream\xstream\1.4.10\xstream-1.4.10.jar;Z:\maven_repository\xmlpull\xmlpull\1.1.3.1\xmlpull-1.1.3.1.jar;Z:\maven_repository\xpp3\xpp3_min\1.1.4c\xpp3_min-1.1.4c.jar;Z:\maven_repository\com\jayway\jsonpath\json-path\2.2.0\json-path-2.2.0.jar;Z:\maven_repository\net\minidev\json-smart\2.2.1\json-smart-2.2.1.jar;Z:\maven_repository\net\minidev\accessors-smart\1.1\accessors-smart-1.1.jar;Z:\maven_repository\org\ow2\asm\asm\5.0.3\asm-5.0.3.jar;Z:\maven_repository\org\slf4j\slf4j-api\1.7.25\slf4j-api-1.7.25.jar;Z:\maven_repository\org\mybatis\spring\boot\mybatis-spring-boot-starter\1.3.2\mybatis-spring-boot-starter-1.3.2.jar;Z:\maven_repository\org\springframework\boot\spring-boot-starter-jdbc\2.0.6.RELEASE\spring-boot-starter-jdbc-2.0.6.RELEASE.jar;Z:\maven_repository\com\zaxxer\HikariCP\2.7.9\HikariCP-2.7.9.jar;Z:\maven_repository\org\springframework\spring-jdbc\5.0.10.RELEASE\spring-jdbc-5.0.10.RELEASE.jar;Z:\maven_repository\org\springframework\spring-tx\5.0.10.RELEASE\spring-tx-5.0.10.RELEASE.jar;Z:\maven_repository\org\mybatis\spring\boot\mybatis-spring-boot-autoconfigure\1.3.2\mybatis-spring-boot-autoconfigure-1.3.2.jar;Z:\maven_repository\org\mybatis\mybatis-spring\1.3.2\mybatis-spring-1.3.2.jar;Z:\maven_repository\org\springframework\boot\spring-boot-starter-test\2.0.6.RELEASE\spring-boot-starter-test-2.0.6.RELEASE.jar;Z:\maven_repository\org\springframework\boot\spring-boot-test\2.0.6.RELEASE\spring-boot-test-2.0.6.RELEASE.jar;Z:\maven_repository\org\springframework\boot\spring-boot-test-autoconfigure\2.0.6.RELEASE\spring-boot-test-autoconfigure-2.0.6.RELEASE.jar;Z:\maven_repository\org\assertj\assertj-core\3.9.1\assertj-core-3.9.1.jar;Z:\maven_repository\org\mockito\mockito-core\2.15.0\mockito-core-2.15.0.jar;Z:\maven_repository\net\bytebuddy\byte-buddy\1.7.11\byte-buddy-1.7.11.jar;Z:\maven_repository\net\bytebuddy\byte-buddy-agent\1.7.11\byte-buddy-agent-1.7.11.jar;Z:\maven_repository\org\objenesis\objenesis\2.6\objenesis-2.6.jar;Z:\maven_repository\org\hamcrest\hamcrest-core\1.3\hamcrest-core-1.3.jar;Z:\maven_repository\org\hamcrest\hamcrest-library\1.3\hamcrest-library-1.3.jar;Z:\maven_repository\org\skyscreamer\jsonassert\1.5.0\jsonassert-1.5.0.jar;Z:\maven_repository\com\vaadin\external\google\android-json\0.0.20131108.vaadin1\android-json-0.0.20131108.vaadin1.jar;Z:\maven_repository\org\springframework\spring-core\5.0.10.RELEASE\spring-core-5.0.10.RELEASE.jar;Z:\maven_repository\org\springframework\spring-jcl\5.0.10.RELEASE\spring-jcl-5.0.10.RELEASE.jar;Z:\maven_repository\org\springframework\spring-test\5.0.10.RELEASE\spring-test-5.0.10.RELEASE.jar;Z:\maven_repository\org\xmlunit\xmlunit-core\2.5.1\xmlunit-core-2.5.1.jar;Z:\maven_repository\junit\junit\4.11\junit-4.11.jar;Z:\shuibeizi-new\shuibeizi-service-sys\shuibeizi-sys-api\target\shuibeizi-sys-api-1.0.0.jar;Z:\shuibeizi-new\shuibeizi-service-sys\shuibeizi-sys-entity\target\shuibeizi-sys-entity-1.0.0.jar;Z:\maven_repository\org\springframework\cloud\spring-cloud-starter-netflix-hystrix\2.0.2.RELEASE\spring-cloud-starter-netflix-hystrix-2.0.2.RELEASE.jar;Z:\maven_repository\com\netflix\hystrix\hystrix-core\1.5.12\hystrix-core-1.5.12.jar;Z:\maven_repository\org\hdrhistogram\HdrHistogram\2.1.9\HdrHistogram-2.1.9.jar;Z:\maven_repository\com\netflix\hystrix\hystrix-serialization\1.5.12\hystrix-serialization-1.5.12.jar;Z:\maven_repository\com\fasterxml\jackson\module\jackson-module-afterburner\2.9.7\jackson-module-afterburner-2.9.7.jar;Z:\maven_repository\com\netflix\hystrix\hystrix-metrics-event-stream\1.5.12\hystrix-metrics-event-stream-1.5.12.jar;Z:\maven_repository\com\netflix\hystrix\hystrix-javanica\1.5.12\hystrix-javanica-1.5.12.jar;Z:\maven_repository\io\reactivex\rxjava-reactive-streams\1.2.1\rxjava-reactive-streams-1.2.1.jar;Z:\maven_repository\org\reactivestreams\reactive-streams\1.0.2\reactive-streams-1.0.2.jar;Z:\maven_repository\org\springframework\cloud\spring-cloud-starter-netflix-hystrix-dashboard\2.0.2.RELEASE\spring-cloud-starter-netflix-hystrix-dashboard-2.0.2.RELEASE.jar;Z:\maven_repository\org\springframework\cloud\spring-cloud-netflix-hystrix-dashboard\2.0.2.RELEASE\spring-cloud-netflix-hystrix-dashboard-2.0.2.RELEASE.jar;Z:\maven_repository\org\springframework\boot\spring-boot-starter-freemarker\2.0.6.RELEASE\spring-boot-starter-freemarker-2.0.6.RELEASE.jar;Z:\maven_repository\org\freemarker\freemarker\2.3.28\freemarker-2.3.28.jar;Z:\maven_repository\org\webjars\jquery\2.1.1\jquery-2.1.1.jar;Z:\maven_repository\org\webjars\d3js\3.4.11\d3js-3.4.11.jar;Z:\shuibeizi-new\shuibeizi-service-sys\shuibeizi-sys-dao\target\shuibeizi-sys-dao-1.0.0.jar;Z:\maven_repository\org\mybatis\mybatis\3.4.6\mybatis-3.4.6.jar;Z:\maven_repository\mysql\mysql-connector-java\5.1.38\mysql-connector-java-5.1.38.jar;Z:\maven_repository\org\springframework\cloud\spring-cloud-starter-openfeign\2.0.2.RELEASE\spring-cloud-starter-openfeign-2.0.2.RELEASE.jar;Z:\maven_repository\org\springframework\cloud\spring-cloud-openfeign-core\2.0.2.RELEASE\spring-cloud-openfeign-core-2.0.2.RELEASE.jar;Z:\maven_repository\io\github\openfeign\form\feign-form-spring\3.3.0\feign-form-spring-3.3.0.jar;Z:\maven_repository\io\github\openfeign\form\feign-form\3.3.0\feign-form-3.3.0.jar;Z:\maven_repository\com\google\code\findbugs\annotations\3.0.1\annotations-3.0.1.jar;Z:\maven_repository\net\jcip\jcip-annotations\1.0\jcip-annotations-1.0.jar;Z:\maven_repository\com\google\code\findbugs\jsr305\3.0.1\jsr305-3.0.1.jar;Z:\maven_repository\org\springframework\cloud\spring-cloud-commons\2.0.2.RELEASE\spring-cloud-commons-2.0.2.RELEASE.jar;Z:\maven_repository\org\springframework\security\spring-security-crypto\5.0.9.RELEASE\spring-security-crypto-5.0.9.RELEASE.jar;Z:\maven_repository\io\github\openfeign\feign-core\9.7.0\feign-core-9.7.0.jar;Z:\maven_repository\io\github\openfeign\feign-slf4j\9.7.0\feign-slf4j-9.7.0.jar;Z:\maven_repository\io\github\openfeign\feign-hystrix\9.7.0\feign-hystrix-9.7.0.jar;Z:\maven_repository\io\github\openfeign\feign-java8\9.7.0\feign-java8-9.7.0.jar;Z:\maven_repository\org\springframework\cloud\spring-cloud-starter-sleuth\2.0.2.RELEASE\spring-cloud-starter-sleuth-2.0.2.RELEASE.jar;Z:\maven_repository\org\springframework\boot\spring-boot-starter-aop\2.0.6.RELEASE\spring-boot-starter-aop-2.0.6.RELEASE.jar;Z:\maven_repository\org\aspectj\aspectjweaver\1.8.13\aspectjweaver-1.8.13.jar;Z:\maven_repository\org\springframework\cloud\spring-cloud-sleuth-core\2.0.2.RELEASE\spring-cloud-sleuth-core-2.0.2.RELEASE.jar;Z:\maven_repository\org\aspectj\aspectjrt\1.8.13\aspectjrt-1.8.13.jar;Z:\maven_repository\io\zipkin\brave\brave\5.4.3\brave-5.4.3.jar;Z:\maven_repository\io\zipkin\brave\brave-context-log4j2\5.4.3\brave-context-log4j2-5.4.3.jar;Z:\maven_repository\io\zipkin\brave\brave-instrumentation-spring-web\5.4.3\brave-instrumentation-spring-web-5.4.3.jar;Z:\maven_repository\io\zipkin\brave\brave-instrumentation-http\5.4.3\brave-instrumentation-http-5.4.3.jar;Z:\maven_repository\io\zipkin\brave\brave-instrumentation-spring-rabbit\5.4.3\brave-instrumentation-spring-rabbit-5.4.3.jar;Z:\maven_repository\io\zipkin\brave\brave-instrumentation-kafka-clients\5.4.3\brave-instrumentation-kafka-clients-5.4.3.jar;Z:\maven_repository\io\zipkin\brave\brave-instrumentation-httpclient\5.4.3\brave-instrumentation-httpclient-5.4.3.jar;Z:\maven_repository\io\zipkin\brave\brave-instrumentation-httpasyncclient\5.4.3\brave-instrumentation-httpasyncclient-5.4.3.jar;Z:\maven_repository\io\zipkin\brave\brave-instrumentation-spring-webmvc\5.4.3\brave-instrumentation-spring-webmvc-5.4.3.jar;Z:\maven_repository\io\zipkin\brave\brave-instrumentation-servlet\5.4.3\brave-instrumentation-servlet-5.4.3.jar;Z:\maven_repository\org\springframework\cloud\spring-cloud-starter-zipkin\2.0.2.RELEASE\spring-cloud-starter-zipkin-2.0.2.RELEASE.jar;Z:\maven_repository\org\springframework\cloud\spring-cloud-sleuth-zipkin\2.0.2.RELEASE\spring-cloud-sleuth-zipkin-2.0.2.RELEASE.jar;Z:\maven_repository\io\zipkin\zipkin2\zipkin\2.11.7\zipkin-2.11.7.jar;Z:\maven_repository\io\zipkin\reporter2\zipkin-reporter\2.7.10\zipkin-reporter-2.7.10.jar;Z:\maven_repository\io\zipkin\reporter2\zipkin-sender-kafka11\2.7.10\zipkin-sender-kafka11-2.7.10.jar;Z:\maven_repository\io\zipkin\reporter2\zipkin-sender-amqp-client\2.7.10\zipkin-sender-amqp-client-2.7.10.jar;Z:\maven_repository\com\shuibeizi\shuibeizi-common\1.0.0\shuibeizi-common-1.0.0.jar;Z:\maven_repository\org\apache\httpcomponents\httpclient\4.5.6\httpclient-4.5.6.jar;Z:\maven_repository\org\apache\httpcomponents\httpcore\4.4.10\httpcore-4.4.10.jar;Z:\maven_repository\commons-codec\commons-codec\1.11\commons-codec-1.11.jar;Z:\maven_repository\org\springframework\boot\spring-boot-starter-data-redis\2.0.6.RELEASE\spring-boot-starter-data-redis-2.0.6.RELEASE.jar;Z:\maven_repository\org\springframework\data\spring-data-redis\2.0.11.RELEASE\spring-data-redis-2.0.11.RELEASE.jar;Z:\maven_repository\org\springframework\data\spring-data-keyvalue\2.0.11.RELEASE\spring-data-keyvalue-2.0.11.RELEASE.jar;Z:\maven_repository\org\springframework\data\spring-data-commons\2.0.11.RELEASE\spring-data-commons-2.0.11.RELEASE.jar;Z:\maven_repository\org\springframework\spring-oxm\5.0.10.RELEASE\spring-oxm-5.0.10.RELEASE.jar;Z:\maven_repository\org\springframework\spring-context-support\5.0.10.RELEASE\spring-context-support-5.0.10.RELEASE.jar;Z:\maven_repository\io\lettuce\lettuce-core\5.0.5.RELEASE\lettuce-core-5.0.5.RELEASE.jar;Z:\maven_repository\io\projectreactor\reactor-core\3.1.10.RELEASE\reactor-core-3.1.10.RELEASE.jar;Z:\maven_repository\io\netty\netty-common\4.1.29.Final\netty-common-4.1.29.Final.jar;Z:\maven_repository\io\netty\netty-transport\4.1.29.Final\netty-transport-4.1.29.Final.jar;Z:\maven_repository\io\netty\netty-buffer\4.1.29.Final\netty-buffer-4.1.29.Final.jar;Z:\maven_repository\io\netty\netty-resolver\4.1.29.Final\netty-resolver-4.1.29.Final.jar;Z:\maven_repository\io\netty\netty-handler\4.1.29.Final\netty-handler-4.1.29.Final.jar;Z:\maven_repository\io\netty\netty-codec\4.1.29.Final\netty-codec-4.1.29.Final.jar;Z:\maven_repository\org\springframework\boot\spring-boot-starter-log4j2\2.0.6.RELEASE\spring-boot-starter-log4j2-2.0.6.RELEASE.jar;Z:\maven_repository\org\apache\logging\log4j\log4j-slf4j-impl\2.10.0\log4j-slf4j-impl-2.10.0.jar;Z:\maven_repository\org\apache\logging\log4j\log4j-api\2.10.0\log4j-api-2.10.0.jar;Z:\maven_repository\org\apache\logging\log4j\log4j-core\2.10.0\log4j-core-2.10.0.jar;Z:\maven_repository\org\apache\logging\log4j\log4j-jul\2.10.0\log4j-jul-2.10.0.jar;Z:\maven_repository\org\slf4j\jul-to-slf4j\1.7.25\jul-to-slf4j-1.7.25.jar;Z:\maven_repository\redis\clients\jedis\2.9.0\jedis-2.9.0.jar;Z:\maven_repository\org\apache\commons\commons-pool2\2.5.0\commons-pool2-2.5.0.jar;Z:\maven_repository\cn\bestwu\fastdfs-client-java\1.27\fastdfs-client-java-1.27.jar;Z:\maven_repository\commons-logging\commons-logging\1.1.1\commons-logging-1.1.1.jar;Z:\maven_repository\org\slf4j\slf4j-log4j12\1.7.25\slf4j-log4j12-1.7.25.jar;Z:\maven_repository\log4j\log4j\1.2.17\log4j-1.2.17.jar;Z:\maven_repository\commons-fileupload\commons-fileupload\1.3\commons-fileupload-1.3.jar;Z:\maven_repository\commons-beanutils\commons-beanutils\1.8.3\commons-beanutils-1.8.3.jar;Z:\maven_repository\org\apache\commons\commons-lang3\3.7\commons-lang3-3.7.jar;Z:\maven_repository\commons-io\commons-io\2.4\commons-io-2.4.jar;Z:\maven_repository\commons-collections\commons-collections\3.2.1\commons-collections-3.2.1.jar;Z:\maven_repository\commons-dbcp\commons-dbcp\1.4\commons-dbcp-1.4.jar;Z:\maven_repository\commons-pool\commons-pool\1.6\commons-pool-1.6.jar;Z:\maven_repository\net\sf\json-lib\json-lib\2.4\json-lib-2.4-jdk15.jar;Z:\maven_repository\commons-lang\commons-lang\2.5\commons-lang-2.5.jar;Z:\maven_repository\net\sf\ezmorph\ezmorph\1.0.6\ezmorph-1.0.6.jar;Z:\maven_repository\org\apache\poi\poi\3.12\poi-3.12.jar;Z:\maven_repository\org\apache\poi\poi-ooxml-schemas\3.12\poi-ooxml-schemas-3.12.jar;Z:\maven_repository\org\apache\xmlbeans\xmlbeans\2.6.0\xmlbeans-2.6.0.jar;Z:\maven_repository\org\apache\poi\poi-ooxml\3.12\poi-ooxml-3.12.jar;Z:\maven_repository\javax\validation\validation-api\2.0.1.Final\validation-api-2.0.1.Final.jar;"/>
    <property name="java.vm.vendor" value="Oracle Corporation"/>
    <property name="sun.arch.data.model" value="64"/>
    <property name="user.variant" value=""/>
    <property name="java.vendor.url" value="http://java.oracle.com/"/>
    <property name="user.timezone" value=""/>
    <property name="java.vm.specification.version" value="1.8"/>
    <property name="os.name" value="Windows 7"/>
    <property name="user.country" value="CN"/>
    <property name="sun.java.launcher" value="SUN_STANDARD"/>
    <property name="sun.boot.library.path" value="C:\Program Files\Java\jdk1.8.0_144\jre\bin"/>
    <property name="sun.java.command" value="C:\Users\ADMINI~1\AppData\Local\Temp\surefire2840550458813073117\surefirebooter6955861820754489524.jar C:\Users\Administrator\AppData\Local\Temp\surefire2840550458813073117 2018-11-06T19-06-15_706-jvmRun1 surefire5917033766906667346tmp surefire_18734363709623045474tmp"/>
    <property name="surefire.test.class.path" value="Z:\shuibeizi-new\shuibeizi-service-sys\shuibeizi-sys-read\target\test-classes;Z:\shuibeizi-new\shuibeizi-service-sys\shuibeizi-sys-read\target\classes;Z:\maven_repository\org\springframework\boot\spring-boot-starter-web\2.0.6.RELEASE\spring-boot-starter-web-2.0.6.RELEASE.jar;Z:\maven_repository\org\springframework\boot\spring-boot-starter\2.0.6.RELEASE\spring-boot-starter-2.0.6.RELEASE.jar;Z:\maven_repository\org\springframework\boot\spring-boot\2.0.6.RELEASE\spring-boot-2.0.6.RELEASE.jar;Z:\maven_repository\org\springframework\boot\spring-boot-autoconfigure\2.0.6.RELEASE\spring-boot-autoconfigure-2.0.6.RELEASE.jar;Z:\maven_repository\javax\annotation\javax.annotation-api\1.3.2\javax.annotation-api-1.3.2.jar;Z:\maven_repository\org\yaml\snakeyaml\1.19\snakeyaml-1.19.jar;Z:\maven_repository\org\springframework\boot\spring-boot-starter-json\2.0.6.RELEASE\spring-boot-starter-json-2.0.6.RELEASE.jar;Z:\maven_repository\com\fasterxml\jackson\core\jackson-databind\2.9.7\jackson-databind-2.9.7.jar;Z:\maven_repository\com\fasterxml\jackson\datatype\jackson-datatype-jdk8\2.9.7\jackson-datatype-jdk8-2.9.7.jar;Z:\maven_repository\com\fasterxml\jackson\datatype\jackson-datatype-jsr310\2.9.7\jackson-datatype-jsr310-2.9.7.jar;Z:\maven_repository\com\fasterxml\jackson\module\jackson-module-parameter-names\2.9.7\jackson-module-parameter-names-2.9.7.jar;Z:\maven_repository\org\springframework\boot\spring-boot-starter-tomcat\2.0.6.RELEASE\spring-boot-starter-tomcat-2.0.6.RELEASE.jar;Z:\maven_repository\org\apache\tomcat\embed\tomcat-embed-core\8.5.34\tomcat-embed-core-8.5.34.jar;Z:\maven_repository\org\apache\tomcat\embed\tomcat-embed-el\8.5.34\tomcat-embed-el-8.5.34.jar;Z:\maven_repository\org\apache\tomcat\embed\tomcat-embed-websocket\8.5.34\tomcat-embed-websocket-8.5.34.jar;Z:\maven_repository\org\hibernate\validator\hibernate-validator\6.0.13.Final\hibernate-validator-6.0.13.Final.jar;Z:\maven_repository\org\jboss\logging\jboss-logging\3.3.2.Final\jboss-logging-3.3.2.Final.jar;Z:\maven_repository\com\fasterxml\classmate\1.3.4\classmate-1.3.4.jar;Z:\maven_repository\org\springframework\spring-web\5.0.10.RELEASE\spring-web-5.0.10.RELEASE.jar;Z:\maven_repository\org\springframework\spring-beans\5.0.10.RELEASE\spring-beans-5.0.10.RELEASE.jar;Z:\maven_repository\org\springframework\spring-webmvc\5.0.10.RELEASE\spring-webmvc-5.0.10.RELEASE.jar;Z:\maven_repository\org\springframework\spring-aop\5.0.10.RELEASE\spring-aop-5.0.10.RELEASE.jar;Z:\maven_repository\org\springframework\spring-context\5.0.10.RELEASE\spring-context-5.0.10.RELEASE.jar;Z:\maven_repository\org\springframework\spring-expression\5.0.10.RELEASE\spring-expression-5.0.10.RELEASE.jar;Z:\maven_repository\org\springframework\cloud\spring-cloud-starter-netflix-eureka-client\2.0.2.RELEASE\spring-cloud-starter-netflix-eureka-client-2.0.2.RELEASE.jar;Z:\maven_repository\org\springframework\cloud\spring-cloud-starter\2.0.2.RELEASE\spring-cloud-starter-2.0.2.RELEASE.jar;Z:\maven_repository\org\springframework\cloud\spring-cloud-context\2.0.2.RELEASE\spring-cloud-context-2.0.2.RELEASE.jar;Z:\maven_repository\org\springframework\security\spring-security-rsa\1.0.7.RELEASE\spring-security-rsa-1.0.7.RELEASE.jar;Z:\maven_repository\org\bouncycastle\bcpkix-jdk15on\1.60\bcpkix-jdk15on-1.60.jar;Z:\maven_repository\org\bouncycastle\bcprov-jdk15on\1.60\bcprov-jdk15on-1.60.jar;Z:\maven_repository\org\springframework\cloud\spring-cloud-netflix-core\2.0.2.RELEASE\spring-cloud-netflix-core-2.0.2.RELEASE.jar;Z:\maven_repository\org\springframework\cloud\spring-cloud-netflix-eureka-client\2.0.2.RELEASE\spring-cloud-netflix-eureka-client-2.0.2.RELEASE.jar;Z:\maven_repository\com\netflix\eureka\eureka-client\1.9.3\eureka-client-1.9.3.jar;Z:\maven_repository\org\codehaus\jettison\jettison\1.3.7\jettison-1.3.7.jar;Z:\maven_repository\stax\stax-api\1.0.1\stax-api-1.0.1.jar;Z:\maven_repository\com\netflix\netflix-commons\netflix-eventbus\0.3.0\netflix-eventbus-0.3.0.jar;Z:\maven_repository\com\netflix\netflix-commons\netflix-infix\0.3.0\netflix-infix-0.3.0.jar;Z:\maven_repository\commons-jxpath\commons-jxpath\1.3\commons-jxpath-1.3.jar;Z:\maven_repository\joda-time\joda-time\2.9.9\joda-time-2.9.9.jar;Z:\maven_repository\org\antlr\antlr-runtime\3.4\antlr-runtime-3.4.jar;Z:\maven_repository\org\antlr\stringtemplate\3.2.1\stringtemplate-3.2.1.jar;Z:\maven_repository\antlr\antlr\2.7.7\antlr-2.7.7.jar;Z:\maven_repository\com\google\code\gson\gson\2.8.5\gson-2.8.5.jar;Z:\maven_repository\org\apache\commons\commons-math\2.2\commons-math-2.2.jar;Z:\maven_repository\com\netflix\archaius\archaius-core\0.7.6\archaius-core-0.7.6.jar;Z:\maven_repository\com\google\guava\guava\16.0\guava-16.0.jar;Z:\maven_repository\javax\ws\rs\jsr311-api\1.1.1\jsr311-api-1.1.1.jar;Z:\maven_repository\com\netflix\servo\servo-core\0.12.21\servo-core-0.12.21.jar;Z:\maven_repository\com\sun\jersey\jersey-core\1.19.1\jersey-core-1.19.1.jar;Z:\maven_repository\com\sun\jersey\jersey-client\1.19.1\jersey-client-1.19.1.jar;Z:\maven_repository\com\sun\jersey\contribs\jersey-apache-client4\1.19.1\jersey-apache-client4-1.19.1.jar;Z:\maven_repository\com\google\inject\guice\4.1.0\guice-4.1.0.jar;Z:\maven_repository\javax\inject\javax.inject\1\javax.inject-1.jar;Z:\maven_repository\aopalliance\aopalliance\1.0\aopalliance-1.0.jar;Z:\maven_repository\com\github\vlsi\compactmap\compactmap\1.2.1\compactmap-1.2.1.jar;Z:\maven_repository\com\github\andrewoma\dexx\dexx-collections\0.2\dexx-collections-0.2.jar;Z:\maven_repository\com\fasterxml\jackson\core\jackson-annotations\2.9.0\jackson-annotations-2.9.0.jar;Z:\maven_repository\com\fasterxml\jackson\core\jackson-core\2.9.7\jackson-core-2.9.7.jar;Z:\maven_repository\com\netflix\eureka\eureka-core\1.9.3\eureka-core-1.9.3.jar;Z:\maven_repository\org\codehaus\woodstox\woodstox-core-asl\4.4.1\woodstox-core-asl-4.4.1.jar;Z:\maven_repository\javax\xml\stream\stax-api\1.0-2\stax-api-1.0-2.jar;Z:\maven_repository\org\codehaus\woodstox\stax2-api\3.1.4\stax2-api-3.1.4.jar;Z:\maven_repository\org\springframework\cloud\spring-cloud-starter-netflix-archaius\2.0.2.RELEASE\spring-cloud-starter-netflix-archaius-2.0.2.RELEASE.jar;Z:\maven_repository\org\springframework\cloud\spring-cloud-netflix-ribbon\2.0.2.RELEASE\spring-cloud-netflix-ribbon-2.0.2.RELEASE.jar;Z:\maven_repository\org\springframework\cloud\spring-cloud-netflix-archaius\2.0.2.RELEASE\spring-cloud-netflix-archaius-2.0.2.RELEASE.jar;Z:\maven_repository\commons-configuration\commons-configuration\1.8\commons-configuration-1.8.jar;Z:\maven_repository\org\springframework\cloud\spring-cloud-starter-netflix-ribbon\2.0.2.RELEASE\spring-cloud-starter-netflix-ribbon-2.0.2.RELEASE.jar;Z:\maven_repository\com\netflix\ribbon\ribbon\2.2.5\ribbon-2.2.5.jar;Z:\maven_repository\com\netflix\ribbon\ribbon-transport\2.2.5\ribbon-transport-2.2.5.jar;Z:\maven_repository\io\reactivex\rxnetty-contexts\0.4.9\rxnetty-contexts-0.4.9.jar;Z:\maven_repository\io\reactivex\rxnetty-servo\0.4.9\rxnetty-servo-0.4.9.jar;Z:\maven_repository\io\reactivex\rxnetty\0.4.9\rxnetty-0.4.9.jar;Z:\maven_repository\com\netflix\ribbon\ribbon-core\2.2.5\ribbon-core-2.2.5.jar;Z:\maven_repository\com\netflix\ribbon\ribbon-httpclient\2.2.5\ribbon-httpclient-2.2.5.jar;Z:\maven_repository\com\netflix\netflix-commons\netflix-commons-util\0.3.0\netflix-commons-util-0.3.0.jar;Z:\maven_repository\com\netflix\ribbon\ribbon-loadbalancer\2.2.5\ribbon-loadbalancer-2.2.5.jar;Z:\maven_repository\com\netflix\netflix-commons\netflix-statistics\0.1.1\netflix-statistics-0.1.1.jar;Z:\maven_repository\io\reactivex\rxjava\1.3.8\rxjava-1.3.8.jar;Z:\maven_repository\com\netflix\ribbon\ribbon-eureka\2.2.5\ribbon-eureka-2.2.5.jar;Z:\maven_repository\com\thoughtworks\xstream\xstream\1.4.10\xstream-1.4.10.jar;Z:\maven_repository\xmlpull\xmlpull\1.1.3.1\xmlpull-1.1.3.1.jar;Z:\maven_repository\xpp3\xpp3_min\1.1.4c\xpp3_min-1.1.4c.jar;Z:\maven_repository\com\jayway\jsonpath\json-path\2.2.0\json-path-2.2.0.jar;Z:\maven_repository\net\minidev\json-smart\2.2.1\json-smart-2.2.1.jar;Z:\maven_repository\net\minidev\accessors-smart\1.1\accessors-smart-1.1.jar;Z:\maven_repository\org\ow2\asm\asm\5.0.3\asm-5.0.3.jar;Z:\maven_repository\org\slf4j\slf4j-api\1.7.25\slf4j-api-1.7.25.jar;Z:\maven_repository\org\mybatis\spring\boot\mybatis-spring-boot-starter\1.3.2\mybatis-spring-boot-starter-1.3.2.jar;Z:\maven_repository\org\springframework\boot\spring-boot-starter-jdbc\2.0.6.RELEASE\spring-boot-starter-jdbc-2.0.6.RELEASE.jar;Z:\maven_repository\com\zaxxer\HikariCP\2.7.9\HikariCP-2.7.9.jar;Z:\maven_repository\org\springframework\spring-jdbc\5.0.10.RELEASE\spring-jdbc-5.0.10.RELEASE.jar;Z:\maven_repository\org\springframework\spring-tx\5.0.10.RELEASE\spring-tx-5.0.10.RELEASE.jar;Z:\maven_repository\org\mybatis\spring\boot\mybatis-spring-boot-autoconfigure\1.3.2\mybatis-spring-boot-autoconfigure-1.3.2.jar;Z:\maven_repository\org\mybatis\mybatis-spring\1.3.2\mybatis-spring-1.3.2.jar;Z:\maven_repository\org\springframework\boot\spring-boot-starter-test\2.0.6.RELEASE\spring-boot-starter-test-2.0.6.RELEASE.jar;Z:\maven_repository\org\springframework\boot\spring-boot-test\2.0.6.RELEASE\spring-boot-test-2.0.6.RELEASE.jar;Z:\maven_repository\org\springframework\boot\spring-boot-test-autoconfigure\2.0.6.RELEASE\spring-boot-test-autoconfigure-2.0.6.RELEASE.jar;Z:\maven_repository\org\assertj\assertj-core\3.9.1\assertj-core-3.9.1.jar;Z:\maven_repository\org\mockito\mockito-core\2.15.0\mockito-core-2.15.0.jar;Z:\maven_repository\net\bytebuddy\byte-buddy\1.7.11\byte-buddy-1.7.11.jar;Z:\maven_repository\net\bytebuddy\byte-buddy-agent\1.7.11\byte-buddy-agent-1.7.11.jar;Z:\maven_repository\org\objenesis\objenesis\2.6\objenesis-2.6.jar;Z:\maven_repository\org\hamcrest\hamcrest-core\1.3\hamcrest-core-1.3.jar;Z:\maven_repository\org\hamcrest\hamcrest-library\1.3\hamcrest-library-1.3.jar;Z:\maven_repository\org\skyscreamer\jsonassert\1.5.0\jsonassert-1.5.0.jar;Z:\maven_repository\com\vaadin\external\google\android-json\0.0.20131108.vaadin1\android-json-0.0.20131108.vaadin1.jar;Z:\maven_repository\org\springframework\spring-core\5.0.10.RELEASE\spring-core-5.0.10.RELEASE.jar;Z:\maven_repository\org\springframework\spring-jcl\5.0.10.RELEASE\spring-jcl-5.0.10.RELEASE.jar;Z:\maven_repository\org\springframework\spring-test\5.0.10.RELEASE\spring-test-5.0.10.RELEASE.jar;Z:\maven_repository\org\xmlunit\xmlunit-core\2.5.1\xmlunit-core-2.5.1.jar;Z:\maven_repository\junit\junit\4.11\junit-4.11.jar;Z:\shuibeizi-new\shuibeizi-service-sys\shuibeizi-sys-api\target\shuibeizi-sys-api-1.0.0.jar;Z:\shuibeizi-new\shuibeizi-service-sys\shuibeizi-sys-entity\target\shuibeizi-sys-entity-1.0.0.jar;Z:\maven_repository\org\springframework\cloud\spring-cloud-starter-netflix-hystrix\2.0.2.RELEASE\spring-cloud-starter-netflix-hystrix-2.0.2.RELEASE.jar;Z:\maven_repository\com\netflix\hystrix\hystrix-core\1.5.12\hystrix-core-1.5.12.jar;Z:\maven_repository\org\hdrhistogram\HdrHistogram\2.1.9\HdrHistogram-2.1.9.jar;Z:\maven_repository\com\netflix\hystrix\hystrix-serialization\1.5.12\hystrix-serialization-1.5.12.jar;Z:\maven_repository\com\fasterxml\jackson\module\jackson-module-afterburner\2.9.7\jackson-module-afterburner-2.9.7.jar;Z:\maven_repository\com\netflix\hystrix\hystrix-metrics-event-stream\1.5.12\hystrix-metrics-event-stream-1.5.12.jar;Z:\maven_repository\com\netflix\hystrix\hystrix-javanica\1.5.12\hystrix-javanica-1.5.12.jar;Z:\maven_repository\io\reactivex\rxjava-reactive-streams\1.2.1\rxjava-reactive-streams-1.2.1.jar;Z:\maven_repository\org\reactivestreams\reactive-streams\1.0.2\reactive-streams-1.0.2.jar;Z:\maven_repository\org\springframework\cloud\spring-cloud-starter-netflix-hystrix-dashboard\2.0.2.RELEASE\spring-cloud-starter-netflix-hystrix-dashboard-2.0.2.RELEASE.jar;Z:\maven_repository\org\springframework\cloud\spring-cloud-netflix-hystrix-dashboard\2.0.2.RELEASE\spring-cloud-netflix-hystrix-dashboard-2.0.2.RELEASE.jar;Z:\maven_repository\org\springframework\boot\spring-boot-starter-freemarker\2.0.6.RELEASE\spring-boot-starter-freemarker-2.0.6.RELEASE.jar;Z:\maven_repository\org\freemarker\freemarker\2.3.28\freemarker-2.3.28.jar;Z:\maven_repository\org\webjars\jquery\2.1.1\jquery-2.1.1.jar;Z:\maven_repository\org\webjars\d3js\3.4.11\d3js-3.4.11.jar;Z:\shuibeizi-new\shuibeizi-service-sys\shuibeizi-sys-dao\target\shuibeizi-sys-dao-1.0.0.jar;Z:\maven_repository\org\mybatis\mybatis\3.4.6\mybatis-3.4.6.jar;Z:\maven_repository\mysql\mysql-connector-java\5.1.38\mysql-connector-java-5.1.38.jar;Z:\maven_repository\org\springframework\cloud\spring-cloud-starter-openfeign\2.0.2.RELEASE\spring-cloud-starter-openfeign-2.0.2.RELEASE.jar;Z:\maven_repository\org\springframework\cloud\spring-cloud-openfeign-core\2.0.2.RELEASE\spring-cloud-openfeign-core-2.0.2.RELEASE.jar;Z:\maven_repository\io\github\openfeign\form\feign-form-spring\3.3.0\feign-form-spring-3.3.0.jar;Z:\maven_repository\io\github\openfeign\form\feign-form\3.3.0\feign-form-3.3.0.jar;Z:\maven_repository\com\google\code\findbugs\annotations\3.0.1\annotations-3.0.1.jar;Z:\maven_repository\net\jcip\jcip-annotations\1.0\jcip-annotations-1.0.jar;Z:\maven_repository\com\google\code\findbugs\jsr305\3.0.1\jsr305-3.0.1.jar;Z:\maven_repository\org\springframework\cloud\spring-cloud-commons\2.0.2.RELEASE\spring-cloud-commons-2.0.2.RELEASE.jar;Z:\maven_repository\org\springframework\security\spring-security-crypto\5.0.9.RELEASE\spring-security-crypto-5.0.9.RELEASE.jar;Z:\maven_repository\io\github\openfeign\feign-core\9.7.0\feign-core-9.7.0.jar;Z:\maven_repository\io\github\openfeign\feign-slf4j\9.7.0\feign-slf4j-9.7.0.jar;Z:\maven_repository\io\github\openfeign\feign-hystrix\9.7.0\feign-hystrix-9.7.0.jar;Z:\maven_repository\io\github\openfeign\feign-java8\9.7.0\feign-java8-9.7.0.jar;Z:\maven_repository\org\springframework\cloud\spring-cloud-starter-sleuth\2.0.2.RELEASE\spring-cloud-starter-sleuth-2.0.2.RELEASE.jar;Z:\maven_repository\org\springframework\boot\spring-boot-starter-aop\2.0.6.RELEASE\spring-boot-starter-aop-2.0.6.RELEASE.jar;Z:\maven_repository\org\aspectj\aspectjweaver\1.8.13\aspectjweaver-1.8.13.jar;Z:\maven_repository\org\springframework\cloud\spring-cloud-sleuth-core\2.0.2.RELEASE\spring-cloud-sleuth-core-2.0.2.RELEASE.jar;Z:\maven_repository\org\aspectj\aspectjrt\1.8.13\aspectjrt-1.8.13.jar;Z:\maven_repository\io\zipkin\brave\brave\5.4.3\brave-5.4.3.jar;Z:\maven_repository\io\zipkin\brave\brave-context-log4j2\5.4.3\brave-context-log4j2-5.4.3.jar;Z:\maven_repository\io\zipkin\brave\brave-instrumentation-spring-web\5.4.3\brave-instrumentation-spring-web-5.4.3.jar;Z:\maven_repository\io\zipkin\brave\brave-instrumentation-http\5.4.3\brave-instrumentation-http-5.4.3.jar;Z:\maven_repository\io\zipkin\brave\brave-instrumentation-spring-rabbit\5.4.3\brave-instrumentation-spring-rabbit-5.4.3.jar;Z:\maven_repository\io\zipkin\brave\brave-instrumentation-kafka-clients\5.4.3\brave-instrumentation-kafka-clients-5.4.3.jar;Z:\maven_repository\io\zipkin\brave\brave-instrumentation-httpclient\5.4.3\brave-instrumentation-httpclient-5.4.3.jar;Z:\maven_repository\io\zipkin\brave\brave-instrumentation-httpasyncclient\5.4.3\brave-instrumentation-httpasyncclient-5.4.3.jar;Z:\maven_repository\io\zipkin\brave\brave-instrumentation-spring-webmvc\5.4.3\brave-instrumentation-spring-webmvc-5.4.3.jar;Z:\maven_repository\io\zipkin\brave\brave-instrumentation-servlet\5.4.3\brave-instrumentation-servlet-5.4.3.jar;Z:\maven_repository\org\springframework\cloud\spring-cloud-starter-zipkin\2.0.2.RELEASE\spring-cloud-starter-zipkin-2.0.2.RELEASE.jar;Z:\maven_repository\org\springframework\cloud\spring-cloud-sleuth-zipkin\2.0.2.RELEASE\spring-cloud-sleuth-zipkin-2.0.2.RELEASE.jar;Z:\maven_repository\io\zipkin\zipkin2\zipkin\2.11.7\zipkin-2.11.7.jar;Z:\maven_repository\io\zipkin\reporter2\zipkin-reporter\2.7.10\zipkin-reporter-2.7.10.jar;Z:\maven_repository\io\zipkin\reporter2\zipkin-sender-kafka11\2.7.10\zipkin-sender-kafka11-2.7.10.jar;Z:\maven_repository\io\zipkin\reporter2\zipkin-sender-amqp-client\2.7.10\zipkin-sender-amqp-client-2.7.10.jar;Z:\maven_repository\com\shuibeizi\shuibeizi-common\1.0.0\shuibeizi-common-1.0.0.jar;Z:\maven_repository\org\apache\httpcomponents\httpclient\4.5.6\httpclient-4.5.6.jar;Z:\maven_repository\org\apache\httpcomponents\httpcore\4.4.10\httpcore-4.4.10.jar;Z:\maven_repository\commons-codec\commons-codec\1.11\commons-codec-1.11.jar;Z:\maven_repository\org\springframework\boot\spring-boot-starter-data-redis\2.0.6.RELEASE\spring-boot-starter-data-redis-2.0.6.RELEASE.jar;Z:\maven_repository\org\springframework\data\spring-data-redis\2.0.11.RELEASE\spring-data-redis-2.0.11.RELEASE.jar;Z:\maven_repository\org\springframework\data\spring-data-keyvalue\2.0.11.RELEASE\spring-data-keyvalue-2.0.11.RELEASE.jar;Z:\maven_repository\org\springframework\data\spring-data-commons\2.0.11.RELEASE\spring-data-commons-2.0.11.RELEASE.jar;Z:\maven_repository\org\springframework\spring-oxm\5.0.10.RELEASE\spring-oxm-5.0.10.RELEASE.jar;Z:\maven_repository\org\springframework\spring-context-support\5.0.10.RELEASE\spring-context-support-5.0.10.RELEASE.jar;Z:\maven_repository\io\lettuce\lettuce-core\5.0.5.RELEASE\lettuce-core-5.0.5.RELEASE.jar;Z:\maven_repository\io\projectreactor\reactor-core\3.1.10.RELEASE\reactor-core-3.1.10.RELEASE.jar;Z:\maven_repository\io\netty\netty-common\4.1.29.Final\netty-common-4.1.29.Final.jar;Z:\maven_repository\io\netty\netty-transport\4.1.29.Final\netty-transport-4.1.29.Final.jar;Z:\maven_repository\io\netty\netty-buffer\4.1.29.Final\netty-buffer-4.1.29.Final.jar;Z:\maven_repository\io\netty\netty-resolver\4.1.29.Final\netty-resolver-4.1.29.Final.jar;Z:\maven_repository\io\netty\netty-handler\4.1.29.Final\netty-handler-4.1.29.Final.jar;Z:\maven_repository\io\netty\netty-codec\4.1.29.Final\netty-codec-4.1.29.Final.jar;Z:\maven_repository\org\springframework\boot\spring-boot-starter-log4j2\2.0.6.RELEASE\spring-boot-starter-log4j2-2.0.6.RELEASE.jar;Z:\maven_repository\org\apache\logging\log4j\log4j-slf4j-impl\2.10.0\log4j-slf4j-impl-2.10.0.jar;Z:\maven_repository\org\apache\logging\log4j\log4j-api\2.10.0\log4j-api-2.10.0.jar;Z:\maven_repository\org\apache\logging\log4j\log4j-core\2.10.0\log4j-core-2.10.0.jar;Z:\maven_repository\org\apache\logging\log4j\log4j-jul\2.10.0\log4j-jul-2.10.0.jar;Z:\maven_repository\org\slf4j\jul-to-slf4j\1.7.25\jul-to-slf4j-1.7.25.jar;Z:\maven_repository\redis\clients\jedis\2.9.0\jedis-2.9.0.jar;Z:\maven_repository\org\apache\commons\commons-pool2\2.5.0\commons-pool2-2.5.0.jar;Z:\maven_repository\cn\bestwu\fastdfs-client-java\1.27\fastdfs-client-java-1.27.jar;Z:\maven_repository\commons-logging\commons-logging\1.1.1\commons-logging-1.1.1.jar;Z:\maven_repository\org\slf4j\slf4j-log4j12\1.7.25\slf4j-log4j12-1.7.25.jar;Z:\maven_repository\log4j\log4j\1.2.17\log4j-1.2.17.jar;Z:\maven_repository\commons-fileupload\commons-fileupload\1.3\commons-fileupload-1.3.jar;Z:\maven_repository\commons-beanutils\commons-beanutils\1.8.3\commons-beanutils-1.8.3.jar;Z:\maven_repository\org\apache\commons\commons-lang3\3.7\commons-lang3-3.7.jar;Z:\maven_repository\commons-io\commons-io\2.4\commons-io-2.4.jar;Z:\maven_repository\commons-collections\commons-collections\3.2.1\commons-collections-3.2.1.jar;Z:\maven_repository\commons-dbcp\commons-dbcp\1.4\commons-dbcp-1.4.jar;Z:\maven_repository\commons-pool\commons-pool\1.6\commons-pool-1.6.jar;Z:\maven_repository\net\sf\json-lib\json-lib\2.4\json-lib-2.4-jdk15.jar;Z:\maven_repository\commons-lang\commons-lang\2.5\commons-lang-2.5.jar;Z:\maven_repository\net\sf\ezmorph\ezmorph\1.0.6\ezmorph-1.0.6.jar;Z:\maven_repository\org\apache\poi\poi\3.12\poi-3.12.jar;Z:\maven_repository\org\apache\poi\poi-ooxml-schemas\3.12\poi-ooxml-schemas-3.12.jar;Z:\maven_repository\org\apache\xmlbeans\xmlbeans\2.6.0\xmlbeans-2.6.0.jar;Z:\maven_repository\org\apache\poi\poi-ooxml\3.12\poi-ooxml-3.12.jar;Z:\maven_repository\javax\validation\validation-api\2.0.1.Final\validation-api-2.0.1.Final.jar;"/>
    <property name="sun.cpu.endian" value="little"/>
    <property name="user.home" value="C:\Users\Administrator"/>
    <property name="user.language" value="zh"/>
    <property name="java.specification.vendor" value="Oracle Corporation"/>
    <property name="java.home" value="C:\Program Files\Java\jdk1.8.0_144\jre"/>
    <property name="basedir" value="Z:\shuibeizi-new\shuibeizi-service-sys\shuibeizi-sys-read"/>
    <property name="file.separator" value="\"/>
    <property name="line.separator" value="&#10;"/>
    <property name="java.vm.specification.vendor" value="Oracle Corporation"/>
    <property name="java.specification.name" value="Java Platform API Specification"/>
    <property name="java.awt.graphicsenv" value="sun.awt.Win32GraphicsEnvironment"/>
    <property name="surefire.real.class.path" value="C:\Users\ADMINI~1\AppData\Local\Temp\surefire2840550458813073117\surefirebooter6955861820754489524.jar"/>
    <property name="sun.boot.class.path" value="C:\Program Files\Java\jdk1.8.0_144\jre\lib\resources.jar;C:\Program Files\Java\jdk1.8.0_144\jre\lib\rt.jar;C:\Program Files\Java\jdk1.8.0_144\jre\lib\sunrsasign.jar;C:\Program Files\Java\jdk1.8.0_144\jre\lib\jsse.jar;C:\Program Files\Java\jdk1.8.0_144\jre\lib\jce.jar;C:\Program Files\Java\jdk1.8.0_144\jre\lib\charsets.jar;C:\Program Files\Java\jdk1.8.0_144\jre\lib\jfr.jar;C:\Program Files\Java\jdk1.8.0_144\jre\classes"/>
    <property name="user.script" value=""/>
    <property name="sun.management.compiler" value="HotSpot 64-Bit Tiered Compilers"/>
    <property name="java.runtime.version" value="1.8.0_144-b01"/>
    <property name="user.name" value="Administrator"/>
    <property name="path.separator" value=";"/>
    <property name="os.version" value="6.1"/>
    <property name="java.endorsed.dirs" value="C:\Program Files\Java\jdk1.8.0_144\jre\lib\endorsed"/>
    <property name="java.runtime.name" value="Java(TM) SE Runtime Environment"/>
    <property name="file.encoding" value="GBK"/>
    <property name="java.vm.name" value="Java HotSpot(TM) 64-Bit Server VM"/>
    <property name="localRepository" value="Z:\maven_repository"/>
    <property name="java.vendor.url.bug" value="http://bugreport.sun.com/bugreport/"/>
    <property name="java.io.tmpdir" value="C:\Users\ADMINI~1\AppData\Local\Temp\"/>
    <property name="idea.version" value="2018.1.4"/>
    <property name="java.version" value="1.8.0_144"/>
    <property name="user.dir" value="Z:\shuibeizi-new\shuibeizi-service-sys\shuibeizi-sys-read"/>
    <property name="os.arch" value="amd64"/>
    <property name="java.vm.specification.name" value="Java Virtual Machine Specification"/>
    <property name="java.awt.printerjob" value="sun.awt.windows.WPrinterJob"/>
    <property name="sun.os.patch.level" value="Service Pack 1"/>
    <property name="java.library.path" value="C:\Program Files\Java\jdk1.8.0_144\jre\bin;C:\Windows\Sun\Java\bin;C:\Windows\system32;C:\Windows;C:\Program Files (x86)\Common Files\Oracle\Java\javapath;D:\Program Files\VanDyke Software\Clients\;C:\ProgramData\Oracle\Java\javapath;C:\Windows\system32;C:\Windows;C:\Windows\System32\Wbem;C:\Windows\System32\WindowsPowerShell\v1.0\;C:\Program Files (x86)\MySQL\MySQL Fabric 1.5 &amp; MySQL Utilities 1.5\;C:\Program Files (x86)\MySQL\MySQL Fabric 1.5 &amp; MySQL Utilities 1.5\Doctrine extensions for PHP\;D:\Program Files\TortoiseSVN\bin;C:\Program Files\Java\jdk1.8.0_144\bin;D:\software\apache-maven-3.3.9\bin;D:\Program Files\Git\cmd;C:\Program Files\MySQL\MySQL Server 5.7\bin;D:\software\apache-ant-1.10.3/bin;D:\Program Files\TortoiseGit\bin;C:\Users\Administrator\AppData\Local\GitHubDesktop\bin;D:\Program Files\Fiddler;D:\Program Files\Microsoft VS Code\bin;."/>
    <property name="java.vm.info" value="mixed mode"/>
    <property name="java.vendor" value="Oracle Corporation"/>
    <property name="java.vm.version" value="25.144-b01"/>
    <property name="java.ext.dirs" value="C:\Program Files\Java\jdk1.8.0_144\jre\lib\ext;C:\Windows\Sun\Java\lib\ext"/>
    <property name="sun.io.unicode.encoding" value="UnicodeLittle"/>
    <property name="maven.repo.local" value="Z:\maven_repository"/>
    <property name="java.class.version" value="52.0"/>
  </properties>
  <testcase name="shouldAnswerWithTrue" classname="com.shuibeizi.AppTest" time="0.001"/>
</testsuite>